Using pre-set license
Built from '2020.3/staging' branch; Version is '2020.3.4f1 (0abb6314276a) revision 703331'; Using compiler version '192528614'; Build Type 'Release'
OS: 'Windows 10 Pro; OS build 19044.1586; Version 2009; 64bit' Language: 'ru' Physical Memory: 8072 MB
BatchMode: 1, IsHumanControllingUs: 0, StartBugReporterOnCrash: 0, Is64bit: 1, IsPro: 0

 COMMAND LINE ARGUMENTS:
D:\Unity\2020.3.4f1\Editor\Unity.exe
-adb2
-batchMode
-noUpm
-name
AssetImportWorker0
-projectPath
D:/gitHub/Platformer/Clock/Clock
-logFile
Logs/AssetImportWorker0.log
-srvPort
54799
Successfully changed project path to: D:/gitHub/Platformer/Clock/Clock
D:/gitHub/Platformer/Clock/Clock
Using Asset Import Pipeline V2.
Refreshing native plugins compatible for Editor in 81.23 ms, found 0 plugins.
Preloading 0 native plugins for Editor in 0.00 ms.
Initialize engine version: 2020.3.4f1 (0abb6314276a)
[Subsystems] Discovering subsystems at path D:/Unity/2020.3.4f1/Editor/Data/Resources/UnitySubsystems
[Subsystems] Discovering subsystems at path D:/gitHub/Platformer/Clock/Clock/Assets
GfxDevice: creating device client; threaded=0
Direct3D:
    Version:  Direct3D 11.0 [level 11.1]
    Renderer: Intel(R) HD Graphics 520 (ID=0x1916)
    Vendor:   
    VRAM:     4036 MB
    Driver:   27.20.100.8681
Initialize mono
Mono path[0] = 'D:/Unity/2020.3.4f1/Editor/Data/Managed'
Mono path[1] = 'D:/Unity/2020.3.4f1/Editor/Data/MonoBleedingEdge/lib/mono/unityjit'
Mono config path = 'D:/Unity/2020.3.4f1/Editor/Data/MonoBleedingEdge/etc'
Using monoOptions --debugger-agent=transport=dt_socket,embedding=1,server=y,suspend=n,address=127.0.0.1:56136
Begin MonoManager ReloadAssembly
Registering precompiled unity dll's ...
Register platform support module: D:/Unity/2020.3.4f1/Editor/Data/PlaybackEngines/WindowsStandaloneSupport/UnityEditor.WindowsStandalone.Extensions.dll
Registered in 0.002444 seconds.
Native extension for WindowsStandalone target not found
Refreshing native plugins compatible for Editor in 57.91 ms, found 0 plugins.
Preloading 0 native plugins for Editor in 0.00 ms.
Mono: successfully reloaded assembly
- Completed reload, in  4.085 seconds
Platform modules already initialized, skipping
Registering precompiled user dll's ...
Registered in 0.001069 seconds.
Begin MonoManager ReloadAssembly
Native extension for WindowsStandalone target not found
Refreshing native plugins compatible for Editor in 1.32 ms, found 0 plugins.
Preloading 0 native plugins for Editor in 0.00 ms.
Mono: successfully reloaded assembly
- Completed reload, in  2.041 seconds
Platform modules already initialized, skipping
========================================================================
Worker process is ready to serve import requests
Launched and connected shader compiler UnityShaderCompiler.exe after 0.13 seconds
Refreshing native plugins compatible for Editor in 0.54 ms, found 0 plugins.
Preloading 0 native plugins for Editor in 0.00 ms.
Unloading 1130 Unused Serialized files (Serialized files now loaded: 0)
System memory in use before: 57.8 MB.
System memory in use after: 57.9 MB.

Unloading 10 unused Assets to reduce memory usage. Loaded Objects now: 1574.
Total: 4.920500 ms (FindLiveObjects: 0.358900 ms CreateObjectMapping: 0.146700 ms MarkObjects: 4.222300 ms  DeleteObjects: 0.189800 ms)

========================================================================
Received Import Request.
  path: Assets/Scripts/AlarmSystem.cs
  artifactKey: Guid(400b95d858941e742ac005ad14d077ea) Importer(815301076,1909f56bfc062723c751e8b465ee728b)
Start importing Assets/Scripts/AlarmSystem.cs using Guid(400b95d858941e742ac005ad14d077ea) Importer(815301076,1909f56bfc062723c751e8b465ee728b)  -> (artifact id: '8b4af84857d4a8954fbeb59dc2ea14af') in 0.066840 seconds
  Import took 0.073587 seconds .

========================================================================
Received Import Request.
  Time since last request: 69.165599 seconds.
  path: Assets/Scripts/ClockMain.cs
  artifactKey: Guid(ee56e9ddbae2a184193760a73298821f) Importer(815301076,1909f56bfc062723c751e8b465ee728b)
Start importing Assets/Scripts/ClockMain.cs using Guid(ee56e9ddbae2a184193760a73298821f) Importer(815301076,1909f56bfc062723c751e8b465ee728b)  -> (artifact id: '1c6d213611334f56556197547deb3250') in 0.004114 seconds
  Import took 0.011821 seconds .

========================================================================
Received Import Request.
  Time since last request: 0.003081 seconds.
  path: Assets/Scripts/ClockMain.cs
  artifactKey: Guid(ee56e9ddbae2a184193760a73298821f) Importer(815301076,1909f56bfc062723c751e8b465ee728b)
Start importing Assets/Scripts/ClockMain.cs using Guid(ee56e9ddbae2a184193760a73298821f) Importer(815301076,1909f56bfc062723c751e8b465ee728b)  -> (artifact id: '1c6d213611334f56556197547deb3250') in 0.002463 seconds
  Import took 0.006645 seconds .

========================================================================
Received Import Request.
  Time since last request: 44.139904 seconds.
  path: Assets/Scripts/NetworkTimeGetter.cs
  artifactKey: Guid(fb65968131aa54a429441c7371d3d85f) Importer(815301076,1909f56bfc062723c751e8b465ee728b)
Start importing Assets/Scripts/NetworkTimeGetter.cs using Guid(fb65968131aa54a429441c7371d3d85f) Importer(815301076,1909f56bfc062723c751e8b465ee728b)  -> (artifact id: '59f657517494abb70b5722d8bb91430e') in 0.002158 seconds
  Import took 0.008345 seconds .

========================================================================
Received Import Request.
  Time since last request: 0.000968 seconds.
  path: Assets/Scripts/NetworkTimeGetter.cs
  artifactKey: Guid(fb65968131aa54a429441c7371d3d85f) Importer(815301076,1909f56bfc062723c751e8b465ee728b)
Start importing Assets/Scripts/NetworkTimeGetter.cs using Guid(fb65968131aa54a429441c7371d3d85f) Importer(815301076,1909f56bfc062723c751e8b465ee728b)  -> (artifact id: '59f657517494abb70b5722d8bb91430e') in 0.002661 seconds
  Import took 0.005982 seconds .

========================================================================
Received Import Request.
  Time since last request: 14.329790 seconds.
  path: Assets/Scripts/Timer.cs
  artifactKey: Guid(587bd13d49b93944da064ea00f29f676) Importer(815301076,1909f56bfc062723c751e8b465ee728b)
Start importing Assets/Scripts/Timer.cs using Guid(587bd13d49b93944da064ea00f29f676) Importer(815301076,1909f56bfc062723c751e8b465ee728b)  -> (artifact id: 'f9e44f9a15445f761c230ffbd93710ed') in 0.003140 seconds
  Import took 0.009839 seconds .

========================================================================
Received Prepare
Registering precompiled user dll's ...
Registered in 0.000622 seconds.
Begin MonoManager ReloadAssembly
Native extension for WindowsStandalone target not found
Refreshing native plugins compatible for Editor in 0.27 ms, found 0 plugins.
Preloading 0 native plugins for Editor in 0.00 ms.
Mono: successfully reloaded assembly
- Completed reload, in  1.679 seconds
Platform modules already initialized, skipping
Switching build target platform(5) subTarget(0) extendedPlatform(0) -> platform(13) subTarget(537395200) extendedPlatform(0)
Refreshing native plugins compatible for Editor in 0.35 ms, found 0 plugins.
Preloading 0 native plugins for Editor in 0.00 ms.
Unloading 1128 Unused Serialized files (Serialized files now loaded: 0)
System memory in use before: 57.7 MB.
System memory in use after: 57.7 MB.

Unloading 5 unused Assets to reduce memory usage. Loaded Objects now: 1577.
Total: 3.153500 ms (FindLiveObjects: 0.261800 ms CreateObjectMapping: 0.088400 ms MarkObjects: 2.715300 ms  DeleteObjects: 0.085400 ms)

AssetImportParameters requested are different than current active one (requested -> active):
  custom:graphics/normal-map-encoding: 01000000000000000000000000000000 -> 02000000000000000000000000000000
========================================================================
Received Import Request.
  Time since last request: 69.659877 seconds.
  path: Assets/Scripts/UIDrawer.cs
  artifactKey: Guid(125dab4584ddc54408eda03307d8b701) Importer(815301076,1909f56bfc062723c751e8b465ee728b)
Start importing Assets/Scripts/UIDrawer.cs using Guid(125dab4584ddc54408eda03307d8b701) Importer(815301076,1909f56bfc062723c751e8b465ee728b)  -> (artifact id: '7c1ccef59b0d5e7fb4d839a3bc5dcfc5') in 0.006029 seconds
  Import took 0.012408 seconds .

========================================================================
Received Prepare
Registering precompiled user dll's ...
Registered in 0.000671 seconds.
Begin MonoManager ReloadAssembly
Native extension for WindowsStandalone target not found
Refreshing native plugins compatible for Editor in 0.26 ms, found 0 plugins.
Preloading 0 native plugins for Editor in 0.00 ms.
Mono: successfully reloaded assembly
- Completed reload, in  1.569 seconds
Platform modules already initialized, skipping
Switching build target platform(5) subTarget(0) extendedPlatform(0) -> platform(13) subTarget(537395200) extendedPlatform(0)
Refreshing native plugins compatible for Editor in 0.35 ms, found 0 plugins.
Preloading 0 native plugins for Editor in 0.00 ms.
Unloading 1128 Unused Serialized files (Serialized files now loaded: 0)
System memory in use before: 57.7 MB.
System memory in use after: 57.8 MB.

Unloading 5 unused Assets to reduce memory usage. Loaded Objects now: 1580.
Total: 4.897900 ms (FindLiveObjects: 0.671200 ms CreateObjectMapping: 0.225200 ms MarkObjects: 3.904500 ms  DeleteObjects: 0.088300 ms)

AssetImportParameters requested are different than current active one (requested -> active):
  custom:graphics/normal-map-encoding: 01000000000000000000000000000000 -> 02000000000000000000000000000000
========================================================================
Received Import Request.
  Time since last request: 44.917955 seconds.
  path: Assets/Scripts/UIDrawer.cs
  artifactKey: Guid(125dab4584ddc54408eda03307d8b701) Importer(815301076,1909f56bfc062723c751e8b465ee728b)
Start importing Assets/Scripts/UIDrawer.cs using Guid(125dab4584ddc54408eda03307d8b701) Importer(815301076,1909f56bfc062723c751e8b465ee728b)  -> (artifact id: '805eeb14b28db08647c2b5be3df7b74a') in 0.007856 seconds
  Import took 0.019315 seconds .

========================================================================
Received Import Request.
  Time since last request: 2.058219 seconds.
  path: Assets/Scripts/UIHandler.cs
  artifactKey: Guid(9aa0508d84845df41b1224db75c1a381) Importer(815301076,1909f56bfc062723c751e8b465ee728b)
Start importing Assets/Scripts/UIHandler.cs using Guid(9aa0508d84845df41b1224db75c1a381) Importer(815301076,1909f56bfc062723c751e8b465ee728b)  -> (artifact id: '71e042be16bd1fe6efab67faa9ca890b') in 0.003087 seconds
  Import took 0.010666 seconds .

========================================================================
Received Import Request.
  Time since last request: 0.004518 seconds.
  path: Assets/Scripts/UIHandler.cs
  artifactKey: Guid(9aa0508d84845df41b1224db75c1a381) Importer(815301076,1909f56bfc062723c751e8b465ee728b)
Start importing Assets/Scripts/UIHandler.cs using Guid(9aa0508d84845df41b1224db75c1a381) Importer(815301076,1909f56bfc062723c751e8b465ee728b)  -> (artifact id: '71e042be16bd1fe6efab67faa9ca890b') in 0.002812 seconds
  Import took 0.006365 seconds .

========================================================================
Received Prepare
Registering precompiled user dll's ...
Registered in 0.000758 seconds.
Begin MonoManager ReloadAssembly
Native extension for WindowsStandalone target not found
Refreshing native plugins compatible for Editor in 0.36 ms, found 0 plugins.
Preloading 0 native plugins for Editor in 0.00 ms.
Mono: successfully reloaded assembly
- Completed reload, in  1.772 seconds
Platform modules already initialized, skipping
Switching build target platform(5) subTarget(0) extendedPlatform(0) -> platform(13) subTarget(537395200) extendedPlatform(0)
Refreshing native plugins compatible for Editor in 0.35 ms, found 0 plugins.
Preloading 0 native plugins for Editor in 0.00 ms.
Unloading 1128 Unused Serialized files (Serialized files now loaded: 0)
System memory in use before: 57.7 MB.
System memory in use after: 57.8 MB.

Unloading 5 unused Assets to reduce memory usage. Loaded Objects now: 1583.
Total: 3.561400 ms (FindLiveObjects: 0.318000 ms CreateObjectMapping: 0.104100 ms MarkObjects: 3.052300 ms  DeleteObjects: 0.083700 ms)

AssetImportParameters requested are different than current active one (requested -> active):
  custom:graphics/normal-map-encoding: 01000000000000000000000000000000 -> 02000000000000000000000000000000
========================================================================
Received Import Request.
  Time since last request: 58.011576 seconds.
  path: Assets/Scripts/UIHandler.cs
  artifactKey: Guid(9aa0508d84845df41b1224db75c1a381) Importer(815301076,1909f56bfc062723c751e8b465ee728b)
Start importing Assets/Scripts/UIHandler.cs using Guid(9aa0508d84845df41b1224db75c1a381) Importer(815301076,1909f56bfc062723c751e8b465ee728b)  -> (artifact id: '43bb3448d403e5103b9e20a84e95e435') in 0.006318 seconds
  Import took 0.013197 seconds .

AssetImportWorkerClient::OnTransportError - code=2 error=End of file
