Using pre-set license
Built from '2020.3/staging' branch; Version is '2020.3.4f1 (0abb6314276a) revision 703331'; Using compiler version '192528614'; Build Type 'Release'
OS: 'Windows 10 Pro; OS build 19044.1586; Version 2009; 64bit' Language: 'ru' Physical Memory: 8072 MB
BatchMode: 1, IsHumanControllingUs: 0, StartBugReporterOnCrash: 0, Is64bit: 1, IsPro: 0

 COMMAND LINE ARGUMENTS:
D:\Unity\2020.3.4f1\Editor\Unity.exe
-adb2
-batchMode
-noUpm
-name
AssetImportWorker0
-projectPath
D:/gitHub/Platformer/Clock/Clock
-logFile
Logs/AssetImportWorker0.log
-srvPort
54506
Successfully changed project path to: D:/gitHub/Platformer/Clock/Clock
D:/gitHub/Platformer/Clock/Clock
Using Asset Import Pipeline V2.
Refreshing native plugins compatible for Editor in 59.72 ms, found 0 plugins.
Preloading 0 native plugins for Editor in 0.00 ms.
Initialize engine version: 2020.3.4f1 (0abb6314276a)
[Subsystems] Discovering subsystems at path D:/Unity/2020.3.4f1/Editor/Data/Resources/UnitySubsystems
[Subsystems] Discovering subsystems at path D:/gitHub/Platformer/Clock/Clock/Assets
GfxDevice: creating device client; threaded=0
Direct3D:
    Version:  Direct3D 11.0 [level 11.1]
    Renderer: Intel(R) HD Graphics 520 (ID=0x1916)
    Vendor:   
    VRAM:     4036 MB
    Driver:   27.20.100.8681
Initialize mono
Mono path[0] = 'D:/Unity/2020.3.4f1/Editor/Data/Managed'
Mono path[1] = 'D:/Unity/2020.3.4f1/Editor/Data/MonoBleedingEdge/lib/mono/unityjit'
Mono config path = 'D:/Unity/2020.3.4f1/Editor/Data/MonoBleedingEdge/etc'
Using monoOptions --debugger-agent=transport=dt_socket,embedding=1,server=y,suspend=n,address=127.0.0.1:56988
Begin MonoManager ReloadAssembly
Registering precompiled unity dll's ...
Register platform support module: D:/Unity/2020.3.4f1/Editor/Data/PlaybackEngines/WindowsStandaloneSupport/UnityEditor.WindowsStandalone.Extensions.dll
Registered in 0.002143 seconds.
Native extension for WindowsStandalone target not found
Refreshing native plugins compatible for Editor in 59.94 ms, found 0 plugins.
Preloading 0 native plugins for Editor in 0.00 ms.
Mono: successfully reloaded assembly
- Completed reload, in  2.618 seconds
Platform modules already initialized, skipping
Registering precompiled user dll's ...
Registered in 0.001066 seconds.
Begin MonoManager ReloadAssembly
Native extension for WindowsStandalone target not found
Refreshing native plugins compatible for Editor in 0.40 ms, found 0 plugins.
Preloading 0 native plugins for Editor in 0.00 ms.
Mono: successfully reloaded assembly
- Completed reload, in  2.079 seconds
Platform modules already initialized, skipping
========================================================================
Worker process is ready to serve import requests
Launched and connected shader compiler UnityShaderCompiler.exe after 0.10 seconds
Refreshing native plugins compatible for Editor in 0.48 ms, found 0 plugins.
Preloading 0 native plugins for Editor in 0.00 ms.
Unloading 1129 Unused Serialized files (Serialized files now loaded: 0)
System memory in use before: 57.9 MB.
System memory in use after: 57.9 MB.

Unloading 10 unused Assets to reduce memory usage. Loaded Objects now: 1573.
Total: 3.122300 ms (FindLiveObjects: 0.286100 ms CreateObjectMapping: 0.076900 ms MarkObjects: 2.617500 ms  DeleteObjects: 0.139800 ms)

========================================================================
Received Import Request.
  path: Assets/Scripts/ClockMain.cs
  artifactKey: Guid(ee56e9ddbae2a184193760a73298821f) Importer(815301076,1909f56bfc062723c751e8b465ee728b)
Start importing Assets/Scripts/ClockMain.cs using Guid(ee56e9ddbae2a184193760a73298821f) Importer(815301076,1909f56bfc062723c751e8b465ee728b)  -> (artifact id: '7d03ea6c95ddb4818f9d4ed641cb2b8c') in 0.036728 seconds
  Import took 0.040903 seconds .

========================================================================
Received Prepare
Registering precompiled user dll's ...
Registered in 0.001004 seconds.
Begin MonoManager ReloadAssembly
Native extension for WindowsStandalone target not found
Refreshing native plugins compatible for Editor in 0.73 ms, found 0 plugins.
Preloading 0 native plugins for Editor in 0.00 ms.
Mono: successfully reloaded assembly
- Completed reload, in  1.411 seconds
Platform modules already initialized, skipping
Switching build target platform(5) subTarget(0) extendedPlatform(0) -> platform(13) subTarget(537395200) extendedPlatform(0)
Refreshing native plugins compatible for Editor in 0.34 ms, found 0 plugins.
Preloading 0 native plugins for Editor in 0.00 ms.
Unloading 1127 Unused Serialized files (Serialized files now loaded: 0)
System memory in use before: 57.7 MB.
System memory in use after: 57.8 MB.

Unloading 5 unused Assets to reduce memory usage. Loaded Objects now: 1576.
Total: 3.661300 ms (FindLiveObjects: 0.267600 ms CreateObjectMapping: 0.104500 ms MarkObjects: 3.198300 ms  DeleteObjects: 0.088400 ms)

AssetImportParameters requested are different than current active one (requested -> active):
  custom:graphics/normal-map-encoding: 01000000000000000000000000000000 -> 02000000000000000000000000000000
========================================================================
Received Prepare
Registering precompiled user dll's ...
Registered in 0.000647 seconds.
Begin MonoManager ReloadAssembly
Native extension for WindowsStandalone target not found
Refreshing native plugins compatible for Editor in 0.34 ms, found 0 plugins.
Preloading 0 native plugins for Editor in 0.00 ms.
Mono: successfully reloaded assembly
- Completed reload, in  1.811 seconds
Platform modules already initialized, skipping
Switching build target platform(5) subTarget(0) extendedPlatform(0) -> platform(13) subTarget(537395200) extendedPlatform(0)
Refreshing native plugins compatible for Editor in 0.36 ms, found 0 plugins.
Preloading 0 native plugins for Editor in 0.00 ms.
Unloading 1127 Unused Serialized files (Serialized files now loaded: 0)
System memory in use before: 57.8 MB.
System memory in use after: 57.8 MB.

Unloading 5 unused Assets to reduce memory usage. Loaded Objects now: 1579.
Total: 3.576100 ms (FindLiveObjects: 0.548600 ms CreateObjectMapping: 0.162100 ms MarkObjects: 2.771100 ms  DeleteObjects: 0.089800 ms)

AssetImportParameters requested are different than current active one (requested -> active):
  custom:graphics/normal-map-encoding: 01000000000000000000000000000000 -> 02000000000000000000000000000000
========================================================================
Received Prepare
Registering precompiled user dll's ...
Registered in 0.000684 seconds.
Begin MonoManager ReloadAssembly
Native extension for WindowsStandalone target not found
Refreshing native plugins compatible for Editor in 0.95 ms, found 0 plugins.
Preloading 0 native plugins for Editor in 0.00 ms.
Mono: successfully reloaded assembly
- Completed reload, in  1.598 seconds
Platform modules already initialized, skipping
Switching build target platform(5) subTarget(0) extendedPlatform(0) -> platform(13) subTarget(537395200) extendedPlatform(0)
Refreshing native plugins compatible for Editor in 0.35 ms, found 0 plugins.
Preloading 0 native plugins for Editor in 0.00 ms.
Unloading 1127 Unused Serialized files (Serialized files now loaded: 0)
System memory in use before: 57.8 MB.
System memory in use after: 57.8 MB.

Unloading 5 unused Assets to reduce memory usage. Loaded Objects now: 1582.
Total: 3.453100 ms (FindLiveObjects: 0.263400 ms CreateObjectMapping: 0.144300 ms MarkObjects: 2.958700 ms  DeleteObjects: 0.084200 ms)

AssetImportParameters requested are different than current active one (requested -> active):
  custom:graphics/normal-map-encoding: 01000000000000000000000000000000 -> 02000000000000000000000000000000
========================================================================
Received Prepare
Registering precompiled user dll's ...
Registered in 0.001030 seconds.
Begin MonoManager ReloadAssembly
Native extension for WindowsStandalone target not found
Refreshing native plugins compatible for Editor in 0.35 ms, found 0 plugins.
Preloading 0 native plugins for Editor in 0.00 ms.
Mono: successfully reloaded assembly
- Completed reload, in  2.053 seconds
Platform modules already initialized, skipping
Switching build target platform(5) subTarget(0) extendedPlatform(0) -> platform(13) subTarget(537395200) extendedPlatform(0)
Refreshing native plugins compatible for Editor in 0.35 ms, found 0 plugins.
Preloading 0 native plugins for Editor in 0.00 ms.
Unloading 1127 Unused Serialized files (Serialized files now loaded: 0)
System memory in use before: 57.8 MB.
System memory in use after: 57.8 MB.

Unloading 5 unused Assets to reduce memory usage. Loaded Objects now: 1585.
Total: 3.640100 ms (FindLiveObjects: 0.295500 ms CreateObjectMapping: 0.099200 ms MarkObjects: 3.154000 ms  DeleteObjects: 0.088800 ms)

AssetImportParameters requested are different than current active one (requested -> active):
  custom:graphics/normal-map-encoding: 01000000000000000000000000000000 -> 02000000000000000000000000000000
========================================================================
Received Import Request.
  Time since last request: 772.300380 seconds.
  path: Assets/Scripts/Interfaces/IOnAlarmStart.cs
  artifactKey: Guid(68812a51b9955a64c91ee6fd62572094) Importer(815301076,1909f56bfc062723c751e8b465ee728b)
Start importing Assets/Scripts/Interfaces/IOnAlarmStart.cs using Guid(68812a51b9955a64c91ee6fd62572094) Importer(815301076,1909f56bfc062723c751e8b465ee728b)  -> (artifact id: '23ba2a2b98001b7cb3e54ff1ff51b739') in 0.010368 seconds
  Import took 0.019100 seconds .

========================================================================
Received Import Request.
  Time since last request: 0.001773 seconds.
  path: Assets/Scripts/Interfaces/IOnAlarmStart.cs
  artifactKey: Guid(68812a51b9955a64c91ee6fd62572094) Importer(815301076,1909f56bfc062723c751e8b465ee728b)
Start importing Assets/Scripts/Interfaces/IOnAlarmStart.cs using Guid(68812a51b9955a64c91ee6fd62572094) Importer(815301076,1909f56bfc062723c751e8b465ee728b)  -> (artifact id: '23ba2a2b98001b7cb3e54ff1ff51b739') in 0.003495 seconds
  Import took 0.008193 seconds .

========================================================================
Received Import Request.
  Time since last request: 150.660207 seconds.
  path: Assets/Scripts/Interfaces/IOnAlarmButtonClick.cs
  artifactKey: Guid(68812a51b9955a64c91ee6fd62572094) Importer(815301076,1909f56bfc062723c751e8b465ee728b)
Start importing Assets/Scripts/Interfaces/IOnAlarmButtonClick.cs using Guid(68812a51b9955a64c91ee6fd62572094) Importer(815301076,1909f56bfc062723c751e8b465ee728b)  -> (artifact id: '0373e5991def629337eb5290461e1ab0') in 0.004070 seconds
  Import took 0.012293 seconds .

========================================================================
Received Prepare
Registering precompiled user dll's ...
Registered in 0.001035 seconds.
Begin MonoManager ReloadAssembly
Native extension for WindowsStandalone target not found
Refreshing native plugins compatible for Editor in 0.36 ms, found 0 plugins.
Preloading 0 native plugins for Editor in 0.00 ms.
Mono: successfully reloaded assembly
- Completed reload, in  2.482 seconds
Platform modules already initialized, skipping
Switching build target platform(5) subTarget(0) extendedPlatform(0) -> platform(13) subTarget(537395200) extendedPlatform(0)
Refreshing native plugins compatible for Editor in 0.38 ms, found 0 plugins.
Preloading 0 native plugins for Editor in 0.00 ms.
Unloading 1128 Unused Serialized files (Serialized files now loaded: 0)
System memory in use before: 57.8 MB.
System memory in use after: 57.9 MB.

Unloading 5 unused Assets to reduce memory usage. Loaded Objects now: 1589.
Total: 2.896500 ms (FindLiveObjects: 0.325800 ms CreateObjectMapping: 0.119500 ms MarkObjects: 2.354100 ms  DeleteObjects: 0.092400 ms)

AssetImportParameters requested are different than current active one (requested -> active):
  custom:graphics/normal-map-encoding: 01000000000000000000000000000000 -> 02000000000000000000000000000000
========================================================================
Received Import Request.
  Time since last request: 218.488303 seconds.
  path: Assets/Scripts/Interfaces/IOnAlarmButtonClick.cs
  artifactKey: Guid(68812a51b9955a64c91ee6fd62572094) Importer(815301076,1909f56bfc062723c751e8b465ee728b)
Start importing Assets/Scripts/Interfaces/IOnAlarmButtonClick.cs using Guid(68812a51b9955a64c91ee6fd62572094) Importer(815301076,1909f56bfc062723c751e8b465ee728b)  -> (artifact id: 'f233bf912a6cd19f84664b23ffb6afd8') in 0.021894 seconds
  Import took 0.029155 seconds .

========================================================================
Received Import Request.
  Time since last request: 0.111627 seconds.
  path: Assets/Scripts/Interfaces/IOnAlarmButtonClick.cs
  artifactKey: Guid(68812a51b9955a64c91ee6fd62572094) Importer(815301076,1909f56bfc062723c751e8b465ee728b)
Start importing Assets/Scripts/Interfaces/IOnAlarmButtonClick.cs using Guid(68812a51b9955a64c91ee6fd62572094) Importer(815301076,1909f56bfc062723c751e8b465ee728b)  -> (artifact id: 'f233bf912a6cd19f84664b23ffb6afd8') in 0.008115 seconds
  Import took 0.015455 seconds .

========================================================================
Received Prepare
Registering precompiled user dll's ...
Registered in 0.000674 seconds.
Begin MonoManager ReloadAssembly
Native extension for WindowsStandalone target not found
Refreshing native plugins compatible for Editor in 0.37 ms, found 0 plugins.
Preloading 0 native plugins for Editor in 0.00 ms.
Mono: successfully reloaded assembly
- Completed reload, in  1.365 seconds
Platform modules already initialized, skipping
Switching build target platform(5) subTarget(0) extendedPlatform(0) -> platform(13) subTarget(537395200) extendedPlatform(0)
Refreshing native plugins compatible for Editor in 0.29 ms, found 0 plugins.
Preloading 0 native plugins for Editor in 0.00 ms.
Unloading 1128 Unused Serialized files (Serialized files now loaded: 0)
System memory in use before: 57.8 MB.
System memory in use after: 57.9 MB.

Unloading 5 unused Assets to reduce memory usage. Loaded Objects now: 1592.
Total: 4.535500 ms (FindLiveObjects: 0.745600 ms CreateObjectMapping: 0.427500 ms MarkObjects: 3.219900 ms  DeleteObjects: 0.136300 ms)

AssetImportParameters requested are different than current active one (requested -> active):
  custom:graphics/normal-map-encoding: 01000000000000000000000000000000 -> 02000000000000000000000000000000
========================================================================
Received Prepare
Registering precompiled user dll's ...
Registered in 0.000732 seconds.
Begin MonoManager ReloadAssembly
Native extension for WindowsStandalone target not found
Refreshing native plugins compatible for Editor in 0.25 ms, found 0 plugins.
Preloading 0 native plugins for Editor in 0.00 ms.
Mono: successfully reloaded assembly
- Completed reload, in  1.668 seconds
Platform modules already initialized, skipping
Switching build target platform(5) subTarget(0) extendedPlatform(0) -> platform(13) subTarget(537395200) extendedPlatform(0)
Refreshing native plugins compatible for Editor in 0.27 ms, found 0 plugins.
Preloading 0 native plugins for Editor in 0.00 ms.
Unloading 1128 Unused Serialized files (Serialized files now loaded: 0)
System memory in use before: 57.8 MB.
System memory in use after: 57.9 MB.

Unloading 5 unused Assets to reduce memory usage. Loaded Objects now: 1595.
Total: 10.107700 ms (FindLiveObjects: 0.201600 ms CreateObjectMapping: 0.061400 ms MarkObjects: 9.760400 ms  DeleteObjects: 0.080600 ms)

AssetImportParameters requested are different than current active one (requested -> active):
  custom:graphics/normal-map-encoding: 01000000000000000000000000000000 -> 02000000000000000000000000000000
========================================================================
Received Prepare
Registering precompiled user dll's ...
Registered in 0.000635 seconds.
Begin MonoManager ReloadAssembly
Native extension for WindowsStandalone target not found
Refreshing native plugins compatible for Editor in 0.27 ms, found 0 plugins.
Preloading 0 native plugins for Editor in 0.00 ms.
Mono: successfully reloaded assembly
- Completed reload, in  3.198 seconds
Platform modules already initialized, skipping
Switching build target platform(5) subTarget(0) extendedPlatform(0) -> platform(13) subTarget(537395200) extendedPlatform(0)
Refreshing native plugins compatible for Editor in 0.35 ms, found 0 plugins.
Preloading 0 native plugins for Editor in 0.00 ms.
Unloading 1128 Unused Serialized files (Serialized files now loaded: 0)
System memory in use before: 57.8 MB.
System memory in use after: 57.9 MB.

Unloading 5 unused Assets to reduce memory usage. Loaded Objects now: 1598.
Total: 4.325000 ms (FindLiveObjects: 0.528400 ms CreateObjectMapping: 0.166600 ms MarkObjects: 3.510200 ms  DeleteObjects: 0.115600 ms)

AssetImportParameters requested are different than current active one (requested -> active):
  custom:graphics/normal-map-encoding: 01000000000000000000000000000000 -> 02000000000000000000000000000000
========================================================================
Received Prepare
Registering precompiled user dll's ...
Registered in 0.000905 seconds.
Begin MonoManager ReloadAssembly
Native extension for WindowsStandalone target not found
Refreshing native plugins compatible for Editor in 0.28 ms, found 0 plugins.
Preloading 0 native plugins for Editor in 0.00 ms.
Mono: successfully reloaded assembly
- Completed reload, in  1.471 seconds
Platform modules already initialized, skipping
Switching build target platform(5) subTarget(0) extendedPlatform(0) -> platform(13) subTarget(537395200) extendedPlatform(0)
Refreshing native plugins compatible for Editor in 0.36 ms, found 0 plugins.
Preloading 0 native plugins for Editor in 0.00 ms.
Unloading 1128 Unused Serialized files (Serialized files now loaded: 0)
System memory in use before: 57.8 MB.
System memory in use after: 57.9 MB.

Unloading 5 unused Assets to reduce memory usage. Loaded Objects now: 1601.
Total: 3.428100 ms (FindLiveObjects: 0.370200 ms CreateObjectMapping: 0.140800 ms MarkObjects: 2.807800 ms  DeleteObjects: 0.106600 ms)

AssetImportParameters requested are different than current active one (requested -> active):
  custom:graphics/normal-map-encoding: 01000000000000000000000000000000 -> 02000000000000000000000000000000
========================================================================
Received Prepare
Registering precompiled user dll's ...
Registered in 0.001617 seconds.
Begin MonoManager ReloadAssembly
Native extension for WindowsStandalone target not found
Refreshing native plugins compatible for Editor in 0.59 ms, found 0 plugins.
Preloading 0 native plugins for Editor in 0.00 ms.
Mono: successfully reloaded assembly
- Completed reload, in  2.027 seconds
Platform modules already initialized, skipping
Switching build target platform(5) subTarget(0) extendedPlatform(0) -> platform(13) subTarget(537395200) extendedPlatform(0)
Refreshing native plugins compatible for Editor in 0.39 ms, found 0 plugins.
Preloading 0 native plugins for Editor in 0.00 ms.
Unloading 1128 Unused Serialized files (Serialized files now loaded: 0)
System memory in use before: 57.8 MB.
System memory in use after: 57.9 MB.

Unloading 5 unused Assets to reduce memory usage. Loaded Objects now: 1604.
Total: 3.684100 ms (FindLiveObjects: 0.329400 ms CreateObjectMapping: 0.087900 ms MarkObjects: 3.178900 ms  DeleteObjects: 0.085400 ms)

AssetImportParameters requested are different than current active one (requested -> active):
  custom:graphics/normal-map-encoding: 01000000000000000000000000000000 -> 02000000000000000000000000000000
========================================================================
Received Prepare
Registering precompiled user dll's ...
Registered in 0.001181 seconds.
Begin MonoManager ReloadAssembly
Native extension for WindowsStandalone target not found
Refreshing native plugins compatible for Editor in 0.25 ms, found 0 plugins.
Preloading 0 native plugins for Editor in 0.00 ms.
Mono: successfully reloaded assembly
- Completed reload, in  1.708 seconds
Platform modules already initialized, skipping
Switching build target platform(5) subTarget(0) extendedPlatform(0) -> platform(13) subTarget(537395200) extendedPlatform(0)
Refreshing native plugins compatible for Editor in 0.24 ms, found 0 plugins.
Preloading 0 native plugins for Editor in 0.00 ms.
Unloading 1128 Unused Serialized files (Serialized files now loaded: 0)
System memory in use before: 57.8 MB.
System memory in use after: 57.9 MB.

Unloading 5 unused Assets to reduce memory usage. Loaded Objects now: 1607.
Total: 2.662500 ms (FindLiveObjects: 0.502900 ms CreateObjectMapping: 0.155600 ms MarkObjects: 1.931900 ms  DeleteObjects: 0.070300 ms)

AssetImportParameters requested are different than current active one (requested -> active):
  custom:graphics/normal-map-encoding: 01000000000000000000000000000000 -> 02000000000000000000000000000000
========================================================================
Received Prepare
Registering precompiled user dll's ...
Registered in 0.001286 seconds.
Begin MonoManager ReloadAssembly
Native extension for WindowsStandalone target not found
Refreshing native plugins compatible for Editor in 0.51 ms, found 0 plugins.
Preloading 0 native plugins for Editor in 0.00 ms.
Mono: successfully reloaded assembly
- Completed reload, in  2.048 seconds
Platform modules already initialized, skipping
Switching build target platform(5) subTarget(0) extendedPlatform(0) -> platform(13) subTarget(537395200) extendedPlatform(0)
Refreshing native plugins compatible for Editor in 0.36 ms, found 0 plugins.
Preloading 0 native plugins for Editor in 0.00 ms.
Unloading 1128 Unused Serialized files (Serialized files now loaded: 0)
System memory in use before: 57.8 MB.
System memory in use after: 57.9 MB.

Unloading 5 unused Assets to reduce memory usage. Loaded Objects now: 1610.
Total: 3.653500 ms (FindLiveObjects: 0.334900 ms CreateObjectMapping: 0.118600 ms MarkObjects: 3.102400 ms  DeleteObjects: 0.094100 ms)

AssetImportParameters requested are different than current active one (requested -> active):
  custom:graphics/normal-map-encoding: 01000000000000000000000000000000 -> 02000000000000000000000000000000
========================================================================
Received Prepare
Registering precompiled user dll's ...
Registered in 0.001877 seconds.
Begin MonoManager ReloadAssembly
Native extension for WindowsStandalone target not found
Refreshing native plugins compatible for Editor in 0.35 ms, found 0 plugins.
Preloading 0 native plugins for Editor in 0.00 ms.
Mono: successfully reloaded assembly
- Completed reload, in  2.341 seconds
Platform modules already initialized, skipping
Switching build target platform(5) subTarget(0) extendedPlatform(0) -> platform(13) subTarget(537395200) extendedPlatform(0)
Refreshing native plugins compatible for Editor in 0.35 ms, found 0 plugins.
Preloading 0 native plugins for Editor in 0.00 ms.
Unloading 1128 Unused Serialized files (Serialized files now loaded: 0)
System memory in use before: 57.9 MB.
System memory in use after: 57.9 MB.

Unloading 5 unused Assets to reduce memory usage. Loaded Objects now: 1613.
Total: 3.168900 ms (FindLiveObjects: 0.299500 ms CreateObjectMapping: 0.115000 ms MarkObjects: 2.643700 ms  DeleteObjects: 0.108700 ms)

AssetImportParameters requested are different than current active one (requested -> active):
  custom:graphics/normal-map-encoding: 01000000000000000000000000000000 -> 02000000000000000000000000000000
